<?xml version="1.0" encoding="utf-8"?><testsuite errors="0" failures="3" name="pytest" skipped="0" tests="5" time="2.010"><testcase classname="test_submit" file="test_submit.py" line="3" name="test_q1" time="0.014"></testcase><testcase classname="test_submit" file="test_submit.py" line="9" name="test_q2" time="0.002"></testcase><testcase classname="test_submit" file="test_submit.py" line="15" name="test_q3" time="0.001"><failure message="assert None == (0.106, 0.22)
  -None
  +(0.106, 0.22)">E   assert None == (0.106, 0.22)
      -None
      +(0.106, 0.22)</failure></testcase><testcase classname="test_submit" file="test_submit.py" line="21" name="test_q4" time="0.001"><failure message="assert None == (0.806, 0.911, 0.959)
  -None
  +(0.806, 0.911, 0.959)">E   assert None == (0.806, 0.911, 0.959)
      -None
      +(0.806, 0.911, 0.959)</failure></testcase><testcase classname="test_submit" file="test_submit.py" line="27" name="test_q5" time="0.001"><failure message="assert None == (0.027, 0.04, -0.004)
  -None
  +(0.027, 0.04, -0.004)">E   assert None == (0.027, 0.04, -0.004)
      -None
      +(0.027, 0.04, -0.004)</failure></testcase></testsuite>