<?xml version="1.0" encoding="utf-8"?><testsuite errors="0" failures="3" name="pytest" skipped="0" tests="10" time="2.990"><testcase classname="test_submit" file="test_submit.py" line="3" name="test_q1" time="0.001"></testcase><testcase classname="test_submit" file="test_submit.py" line="9" name="test_q2" time="0.069"></testcase><testcase classname="test_submit" file="test_submit.py" line="15" name="test_q3" time="0.433"></testcase><testcase classname="test_submit" file="test_submit.py" line="21" name="test_q4" time="0.001"></testcase><testcase classname="test_submit" file="test_submit.py" line="27" name="test_q5" time="0.170"><failure message="assert 0.167 == 0.694
  -0.167
  +0.694">E   assert 0.167 == 0.694
      -0.167
      +0.694</failure></testcase><testcase classname="test_submit" file="test_submit.py" line="33" name="test_q6" time="0.156"></testcase><testcase classname="test_submit" file="test_submit.py" line="39" name="test_q7" time="0.007"></testcase><testcase classname="test_submit" file="test_submit.py" line="45" name="test_q8" time="0.015"></testcase><testcase classname="test_submit" file="test_submit.py" line="51" name="test_q9" time="0.033"><failure message="assert 537577 == 348631
  -537577
  +348631">E   assert 537577 == 348631
      -537577
      +348631</failure></testcase><testcase classname="test_submit" file="test_submit.py" line="57" name="test_q10" time="0.011"><failure message="assert False">E   assert False</failure></testcase></testsuite>